<?xml version="1.0" encoding="UTF-8"?>
<!-- Generated by org.testng.reporters.JUnitXMLReporter -->
<testsuite ignored="3" hostname="DESKTOP-BICR3I6" failures="0" tests="1" name="Default test" time="2.897" errors="0" timestamp="2026-02-01T15:53:01 IST">
  <testcase classname="tests.Taluka" name="GetAllCitiesByDistrictId" time="2.47"/>
  <testcase classname="tests.Taluka" name="GetAllTaluka" time="0.0">
    <ignored/>
  </testcase> <!-- GetAllTaluka -->
  <testcase classname="tests.Taluka" name="GetAllTalukaByCityId" time="0.0">
    <ignored/>
  </testcase> <!-- GetAllTalukaByCityId -->
  <testcase classname="tests.Taluka" name="AddTaluka" time="0.0">
    <ignored/>
  </testcase> <!-- AddTaluka -->
</testsuite> <!-- Default test -->
