<?xml version="1.0" encoding="UTF-8"?>
<testng-results ignored="1" total="2" passed="1" failed="0" skipped="0">
  <reporter-output>
  </reporter-output>
  <suite started-at="2026-02-20T19:58:54 IST" name="Default suite" finished-at="2026-02-20T19:59:02 IST" duration-ms="7662">
    <groups>
    </groups>
    <test started-at="2026-02-20T19:58:54 IST" name="Default test" finished-at="2026-02-20T19:59:02 IST" duration-ms="7662">
      <class name="tests.Customer">
        <test-method is-config="true" signature="SetUp()[pri:0, instance:tests.Customer@52e6fdee]" started-at="2026-02-20T19:58:54 IST" name="SetUp" finished-at="2026-02-20T19:58:56 IST" duration-ms="1211" status="PASS">
          <reporter-output>
          </reporter-output>
        </test-method> <!-- SetUp -->
        <test-method signature="GetCustomerBy()[pri:0, instance:tests.Customer@52e6fdee]" started-at="2026-02-20T19:58:56 IST" name="GetCustomerBy" finished-at="2026-02-20T19:59:02 IST" duration-ms="6318" status="PASS">
          <reporter-output>
          </reporter-output>
        </test-method> <!-- GetCustomerBy -->
      </class> <!-- tests.Customer -->
    </test> <!-- Default test -->
  </suite> <!-- Default suite -->
</testng-results>
