<?xml version="1.0" encoding="UTF-8"?>
<!-- Generated by org.testng.reporters.JUnitReportReporter -->
<testsuite hostname="DESKTOP-BICR3I6" failures="0" tests="4" name="tests.AnnadataTests01" time="6.353" errors="0" timestamp="2026-01-31T15:35:33 IST" skipped="0">
  <testcase classname="tests.AnnadataTests01" name="AddTaluka" time="3.936"/>
  <testcase classname="tests.AnnadataTests01" name="GetVendorDasboardById" time="0.984"/>
  <testcase classname="tests.AnnadataTests01" name="GetFarmerDasboardById" time="0.487"/>
  <testcase classname="tests.AnnadataTests01" name="getAdminDetails" time="0.946"/>
</testsuite> <!-- tests.AnnadataTests01 -->
